#
# A fatal error has been detected by the Java Runtime Environment:
#
#  Internal Error (t:/workspace/open/src/hotspot/share/oops/generateOopMap.cpp:2164), pid=7508, tid=7596
#  fatal error: Illegal class file encountered. Try running with -Xverify:all in method shouldReturnFromNineToZeroIfNext
#
# JRE version: OpenJDK Runtime Environment (11.0.1+13) (build 11.0.1+13)
# Java VM: OpenJDK 64-Bit Server VM (11.0.1+13, mixed mode, tiered, compressed oops, g1 gc, windows-amd64)
# No core dump will be written. Minidumps are not enabled by default on client versions of Windows
#
# If you would like to submit a bug report, please visit:
#   http://bugreport.java.com/bugreport/crash.jsp
#

---------------  S U M M A R Y ------------

Command Line: -agentlib:jdwp=transport=dt_socket,address=127.0.0.1:53160,suspend=y,server=n -ea -Didea.test.cyclic.buffer.size=1048576 -javaagent:C:\Users\ZOLOTOV\.IdeaIC2018.2\system\captureAgent\debugger-agent.jar=file:/C:/Users/ZOLOTOV/AppData/Local/Temp/capture.props -Dfile.encoding=UTF-8 com.intellij.rt.execution.junit.JUnitStarter -ideVersion5 -junit5 ru.netology.services.RadioTest,shouldReturnFromNineToZeroIfNext

Host: Intel(R) Core(TM) i3-2310M CPU @ 2.10GHz, 4 cores, 3G,  Windows 7 , 64 bit Build 7601 (6.1.7601.24545)
Time: Sat Mar 16 22:42:00 2024 RTZ 2 (ceia) elapsed time: 1203 seconds (0d 0h 20m 3s)

---------------  T H R E A D  ---------------

Current thread (0x00000000600c0000):  VMThread "VM Thread" [stack: 0x0000000060270000,0x0000000060370000] [id=7596]

Stack: [0x0000000060270000,0x0000000060370000]
[error occurred during error reporting (printing stack bounds), id 0xc0000005, EXCEPTION_ACCESS_VIOLATION (0xc0000005) at pc=0x000000000f010bad]

Native frames: (J=compiled Java code, j=interpreted, Vv=VM code, C=native code)
V  [jvm.dll+0x63ad9a]
V  [jvm.dll+0x77851f]
V  [jvm.dll+0x779b08]
V  [jvm.dll+0x77a125]
V  [jvm.dll+0x77a0db]
V  [jvm.dll+0x63a496]
V  [jvm.dll+0x63a868]
C  [ntdll.dll+0x6be9d]
C  [ntdll.dll+0x4040a]
C  [ntdll.dll+0x6b53e]
C  0x000000000f010bad

VM_Operation (0x00000000616bf1f0): GetOrSetLocal, mode: safepoint, requested by thread 0x0000000060e22800


---------------  P R O C E S S  ---------------

Threads class SMR info:
_java_thread_list=0x0000000060f4e340, length=13, elements={
0x00000000001f8000, 0x0000000060105000, 0x000000006010e800, 0x000000006011d000,
0x0000000060123000, 0x0000000060125000, 0x0000000060126000, 0x000000006012a800,
0x0000000060090800, 0x0000000060e22800, 0x0000000060e56800, 0x0000000061014000,
0x0000000060ff2800
}

Java Threads: ( => current thread )
  0x00000000001f8000 JavaThread "main" [_thread_blocked, id=6840, stack(0x0000000002700000,0x0000000002800000)]
  0x0000000060105000 JavaThread "Reference Handler" daemon [_thread_blocked, id=4496, stack(0x0000000060410000,0x0000000060510000)]
  0x000000006010e800 JavaThread "Finalizer" daemon [_thread_blocked, id=7724, stack(0x000000000e570000,0x000000000e670000)]
  0x000000006011d000 JavaThread "Signal Dispatcher" daemon [_thread_blocked, id=8624, stack(0x00000000605a0000,0x00000000606a0000)]
  0x0000000060123000 JavaThread "Attach Listener" daemon [_thread_blocked, id=8224, stack(0x0000000060770000,0x0000000060870000)]
  0x0000000060125000 JavaThread "C2 CompilerThread0" daemon [_thread_blocked, id=7704, stack(0x0000000060a40000,0x0000000060b40000)]
  0x0000000060126000 JavaThread "C1 CompilerThread0" daemon [_thread_blocked, id=7744, stack(0x0000000060920000,0x0000000060a20000)]
  0x000000006012a800 JavaThread "Sweeper thread" daemon [_thread_blocked, id=7664, stack(0x0000000060c00000,0x0000000060d00000)]
  0x0000000060090800 JavaThread "Common-Cleaner" daemon [_thread_blocked, id=8340, stack(0x00000000612e0000,0x00000000613e0000)]
  0x0000000060e22800 JavaThread "JDWP Transport Listener: dt_socket" daemon [_thread_blocked, id=7080, stack(0x00000000615c0000,0x00000000616c0000)] _threads_hazard_ptr=0x0000000060f4e340
  0x0000000060e56800 JavaThread "JDWP Event Helper Thread" daemon [_thread_blocked, id=9004, stack(0x0000000061740000,0x0000000061840000)]
  0x0000000061014000 JavaThread "JDWP Command Reader" daemon [_thread_in_native, id=8284, stack(0x0000000061900000,0x0000000061a00000)]
  0x0000000060ff2800 JavaThread "Service Thread" daemon [_thread_blocked, id=4152, stack(0x00000000614b0000,0x00000000615b0000)]

Other Threads:
=>0x00000000600c0000 VMThread "VM Thread" [stack: 0x0000000060270000,0x0000000060370000] [id=7596]
  0x0000000060f77000 WatcherThread [stack: 0x00000000623b0000,0x00000000624b0000] [id=7832]
  0x000000000020c000 GCTaskThread "GC Thread#0" [stack: 0x000000000b110000,0x000000000b210000] [id=4876]
  0x0000000061d86000 GCTaskThread "GC Thread#1" [stack: 0x0000000062210000,0x0000000062310000] [id=8576]
  0x0000000000228800 ConcurrentGCThread "G1 Main Marker" [stack: 0x000000000dd90000,0x000000000de90000] [id=8880]
  0x0000000000229800 ConcurrentGCThread "G1 Conc#0" [stack: 0x000000000dec0000,0x000000000dfc0000] [id=5484]
  0x000000000e30c800 ConcurrentGCThread "G1 Refine#0" [stack: 0x000000000e460000,0x000000000e560000] [id=8988]
  0x000000000e311000 ConcurrentGCThread "G1 Young RemSet Sampling" [stack: 0x000000000e690000,0x000000000e790000] [id=4028]

Threads with active compile tasks:

VM state:at safepoint (normal execution)

VM Mutex/Monitor currently owned by a thread:  ([mutex/lock_event])
[0x00000000001f5a10] Threads_lock - owner thread: 0x00000000600c0000

Heap address: 0x00000000c1400000, size: 1004 MB, Compressed Oops mode: 32-bit
Narrow klass base: 0x0000000000000000, Narrow klass shift: 0
Compressed class space size: 1073741824 Address: 0x0000000020010000

Heap:
 garbage-first heap   total 65536K, used 8052K [0x00000000c1400000, 0x0000000100000000)
  region size 1024K, 9 young (9216K), 2 survivors (2048K)
 Metaspace       used 12237K, capacity 12813K, committed 13056K, reserved 1060864K
  class space    used 1320K, capacity 1524K, committed 1536K, reserved 1048576K
Heap Regions: E=young(eden), S=young(survivor), O=old, HS=humongous(starts), HC=humongous(continues), CS=collection set, F=free, A=archive, TAMS=top-at-mark-start (previous, next)
|   0|0x00000000c1400000, 0x00000000c1400000, 0x00000000c1500000|  0%| F|  |TAMS 0x00000000c1400000, 0x00000000c1400000| Untracked 
|   1|0x00000000c1500000, 0x00000000c1500000, 0x00000000c1600000|  0%| F|  |TAMS 0x00000000c1500000, 0x00000000c1500000| Untracked 
|   2|0x00000000c1600000, 0x00000000c1600000, 0x00000000c1700000|  0%| F|  |TAMS 0x00000000c1600000, 0x00000000c1600000| Untracked 
|   3|0x00000000c1700000, 0x00000000c1700000, 0x00000000c1800000|  0%| F|  |TAMS 0x00000000c1700000, 0x00000000c1700000| Untracked 
|   4|0x00000000c1800000, 0x00000000c1800000, 0x00000000c1900000|  0%| F|  |TAMS 0x00000000c1800000, 0x00000000c1800000| Untracked 
|   5|0x00000000c1900000, 0x00000000c1900000, 0x00000000c1a00000|  0%| F|  |TAMS 0x00000000c1900000, 0x00000000c1900000| Untracked 
|   6|0x00000000c1a00000, 0x00000000c1a00000, 0x00000000c1b00000|  0%| F|  |TAMS 0x00000000c1a00000, 0x00000000c1a00000| Untracked 
|   7|0x00000000c1b00000, 0x00000000c1b00000, 0x00000000c1c00000|  0%| F|  |TAMS 0x00000000c1b00000, 0x00000000c1b00000| Untracked 
|   8|0x00000000c1c00000, 0x00000000c1c00000, 0x00000000c1d00000|  0%| F|  |TAMS 0x00000000c1c00000, 0x00000000c1c00000| Untracked 
|   9|0x00000000c1d00000, 0x00000000c1d00000, 0x00000000c1e00000|  0%| F|  |TAMS 0x00000000c1d00000, 0x00000000c1d00000| Untracked 
|  10|0x00000000c1e00000, 0x00000000c1e00000, 0x00000000c1f00000|  0%| F|  |TAMS 0x00000000c1e00000, 0x00000000c1e00000| Untracked 
|  11|0x00000000c1f00000, 0x00000000c1f00000, 0x00000000c2000000|  0%| F|  |TAMS 0x00000000c1f00000, 0x00000000c1f00000| Untracked 
|  12|0x00000000c2000000, 0x00000000c2000000, 0x00000000c2100000|  0%| F|  |TAMS 0x00000000c2000000, 0x00000000c2000000| Untracked 
|  13|0x00000000c2100000, 0x00000000c2100000, 0x00000000c2200000|  0%| F|  |TAMS 0x00000000c2100000, 0x00000000c2100000| Untracked 
|  14|0x00000000c2200000, 0x00000000c2200000, 0x00000000c2300000|  0%| F|  |TAMS 0x00000000c2200000, 0x00000000c2200000| Untracked 
|  15|0x00000000c2300000, 0x00000000c2300000, 0x00000000c2400000|  0%| F|  |TAMS 0x00000000c2300000, 0x00000000c2300000| Untracked 
|  16|0x00000000c2400000, 0x00000000c2400000, 0x00000000c2500000|  0%| F|  |TAMS 0x00000000c2400000, 0x00000000c2400000| Untracked 
|  17|0x00000000c2500000, 0x00000000c2500000, 0x00000000c2600000|  0%| F|  |TAMS 0x00000000c2500000, 0x00000000c2500000| Untracked 
|  18|0x00000000c2600000, 0x00000000c2600000, 0x00000000c2700000|  0%| F|  |TAMS 0x00000000c2600000, 0x00000000c2600000| Untracked 
|  19|0x00000000c2700000, 0x00000000c2700000, 0x00000000c2800000|  0%| F|  |TAMS 0x00000000c2700000, 0x00000000c2700000| Untracked 
|  20|0x00000000c2800000, 0x00000000c2800000, 0x00000000c2900000|  0%| F|  |TAMS 0x00000000c2800000, 0x00000000c2800000| Untracked 
|  21|0x00000000c2900000, 0x00000000c2900000, 0x00000000c2a00000|  0%| F|  |TAMS 0x00000000c2900000, 0x00000000c2900000| Untracked 
|  22|0x00000000c2a00000, 0x00000000c2a00000, 0x00000000c2b00000|  0%| F|  |TAMS 0x00000000c2a00000, 0x00000000c2a00000| Untracked 
|  23|0x00000000c2b00000, 0x00000000c2b00000, 0x00000000c2c00000|  0%| F|  |TAMS 0x00000000c2b00000, 0x00000000c2b00000| Untracked 
|  24|0x00000000c2c00000, 0x00000000c2c00000, 0x00000000c2d00000|  0%| F|  |TAMS 0x00000000c2c00000, 0x00000000c2c00000| Untracked 
|  25|0x00000000c2d00000, 0x00000000c2d00000, 0x00000000c2e00000|  0%| F|  |TAMS 0x00000000c2d00000, 0x00000000c2d00000| Untracked 
|  26|0x00000000c2e00000, 0x00000000c2e00000, 0x00000000c2f00000|  0%| F|  |TAMS 0x00000000c2e00000, 0x00000000c2e00000| Untracked 
|  27|0x00000000c2f00000, 0x00000000c2f00000, 0x00000000c3000000|  0%| F|  |TAMS 0x00000000c2f00000, 0x00000000c2f00000| Untracked 
|  28|0x00000000c3000000, 0x00000000c3000000, 0x00000000c3100000|  0%| F|  |TAMS 0x00000000c3000000, 0x00000000c3000000| Untracked 
|  29|0x00000000c3100000, 0x00000000c3100000, 0x00000000c3200000|  0%| F|  |TAMS 0x00000000c3100000, 0x00000000c3100000| Untracked 
|  30|0x00000000c3200000, 0x00000000c3200000, 0x00000000c3300000|  0%| F|  |TAMS 0x00000000c3200000, 0x00000000c3200000| Untracked 
|  31|0x00000000c3300000, 0x00000000c3300000, 0x00000000c3400000|  0%| F|  |TAMS 0x00000000c3300000, 0x00000000c3300000| Untracked 
|  32|0x00000000c3400000, 0x00000000c3400000, 0x00000000c3500000|  0%| F|  |TAMS 0x00000000c3400000, 0x00000000c3400000| Untracked 
|  33|0x00000000c3500000, 0x00000000c3500000, 0x00000000c3600000|  0%| F|  |TAMS 0x00000000c3500000, 0x00000000c3500000| Untracked 
|  34|0x00000000c3600000, 0x00000000c3600000, 0x00000000c3700000|  0%| F|  |TAMS 0x00000000c3600000, 0x00000000c3600000| Untracked 
|  35|0x00000000c3700000, 0x00000000c3700000, 0x00000000c3800000|  0%| F|  |TAMS 0x00000000c3700000, 0x00000000c3700000| Untracked 
|  36|0x00000000c3800000, 0x00000000c3800000, 0x00000000c3900000|  0%| F|  |TAMS 0x00000000c3800000, 0x00000000c3800000| Untracked 
|  37|0x00000000c3900000, 0x00000000c3900000, 0x00000000c3a00000|  0%| F|  |TAMS 0x00000000c3900000, 0x00000000c3900000| Untracked 
|  38|0x00000000c3a00000, 0x00000000c3a00000, 0x00000000c3b00000|  0%| F|  |TAMS 0x00000000c3a00000, 0x00000000c3a00000| Untracked 
|  39|0x00000000c3b00000, 0x00000000c3b00000, 0x00000000c3c00000|  0%| F|  |TAMS 0x00000000c3b00000, 0x00000000c3b00000| Untracked 
|  40|0x00000000c3c00000, 0x00000000c3c00000, 0x00000000c3d00000|  0%| F|  |TAMS 0x00000000c3c00000, 0x00000000c3c00000| Untracked 
|  41|0x00000000c3d00000, 0x00000000c3d00000, 0x00000000c3e00000|  0%| F|  |TAMS 0x00000000c3d00000, 0x00000000c3d00000| Untracked 
|  42|0x00000000c3e00000, 0x00000000c3e00000, 0x00000000c3f00000|  0%| F|  |TAMS 0x00000000c3e00000, 0x00000000c3e00000| Untracked 
|  43|0x00000000c3f00000, 0x00000000c3f00000, 0x00000000c4000000|  0%| F|  |TAMS 0x00000000c3f00000, 0x00000000c3f00000| Untracked 
|  44|0x00000000c4000000, 0x00000000c4000000, 0x00000000c4100000|  0%| F|  |TAMS 0x00000000c4000000, 0x00000000c4000000| Untracked 
|  45|0x00000000c4100000, 0x00000000c4100000, 0x00000000c4200000|  0%| F|  |TAMS 0x00000000c4100000, 0x00000000c4100000| Untracked 
|  46|0x00000000c4200000, 0x00000000c4200000, 0x00000000c4300000|  0%| F|  |TAMS 0x00000000c4200000, 0x00000000c4200000| Untracked 
|  47|0x00000000c4300000, 0x00000000c4300000, 0x00000000c4400000|  0%| F|  |TAMS 0x00000000c4300000, 0x00000000c4300000| Untracked 
|  48|0x00000000c4400000, 0x00000000c44dd050, 0x00000000c4500000| 86%| S|CS|TAMS 0x00000000c4400000, 0x00000000c4400000| Complete 
|  49|0x00000000c4500000, 0x00000000c4600000, 0x00000000c4600000|100%| S|CS|TAMS 0x00000000c4500000, 0x00000000c4500000| Complete 
|  50|0x00000000c4600000, 0x00000000c4600000, 0x00000000c4700000|  0%| F|  |TAMS 0x00000000c4600000, 0x00000000c4600000| Untracked 
|  51|0x00000000c4700000, 0x00000000c4700000, 0x00000000c4800000|  0%| F|  |TAMS 0x00000000c4700000, 0x00000000c4700000| Untracked 
|  52|0x00000000c4800000, 0x00000000c4800000, 0x00000000c4900000|  0%| F|  |TAMS 0x00000000c4800000, 0x00000000c4800000| Untracked 
|  53|0x00000000c4900000, 0x00000000c4900000, 0x00000000c4a00000|  0%| F|  |TAMS 0x00000000c4900000, 0x00000000c4900000| Untracked 
|  54|0x00000000c4a00000, 0x00000000c4a00000, 0x00000000c4b00000|  0%| F|  |TAMS 0x00000000c4a00000, 0x00000000c4a00000| Untracked 
|  55|0x00000000c4b00000, 0x00000000c4b00000, 0x00000000c4c00000|  0%| F|  |TAMS 0x00000000c4b00000, 0x00000000c4b00000| Untracked 
|  56|0x00000000c4c00000, 0x00000000c4c00000, 0x00000000c4d00000|  0%| F|  |TAMS 0x00000000c4c00000, 0x00000000c4c00000| Untracked 
|  57|0x00000000c4d00000, 0x00000000c4ddcaa0, 0x00000000c4e00000| 86%| E|  |TAMS 0x00000000c4d00000, 0x00000000c4d00000| Complete 
|  58|0x00000000c4e00000, 0x00000000c4f00000, 0x00000000c4f00000|100%| E|CS|TAMS 0x00000000c4e00000, 0x00000000c4e00000| Complete 
|  59|0x00000000c4f00000, 0x00000000c5000000, 0x00000000c5000000|100%| E|CS|TAMS 0x00000000c4f00000, 0x00000000c4f00000| Complete 
|  60|0x00000000c5000000, 0x00000000c5100000, 0x00000000c5100000|100%| E|CS|TAMS 0x00000000c5000000, 0x00000000c5000000| Complete 
|  61|0x00000000c5100000, 0x00000000c5200000, 0x00000000c5200000|100%| E|CS|TAMS 0x00000000c5100000, 0x00000000c5100000| Complete 
|  62|0x00000000c5200000, 0x00000000c5300000, 0x00000000c5300000|100%| E|CS|TAMS 0x00000000c5200000, 0x00000000c5200000| Complete 
|  63|0x00000000c5300000, 0x00000000c5400000, 0x00000000c5400000|100%| E|CS|TAMS 0x00000000c5300000, 0x00000000c5300000| Complete 

Card table byte_map: [0x000000000b850000,0x000000000ba50000] _byte_map_base: 0x000000000b246000

Marking Bits (Prev, Next): (CMBitMap*) 0x0000000000223a68, (CMBitMap*) 0x0000000000223aa0
 Prev Bits: [0x000000000bc50000, 0x000000000cc00000)
 Next Bits: [0x000000000cc00000, 0x000000000dbb0000)

Polling page: 0x0000000000440000

Metaspace:

Usage:
  Non-class:     11.02 MB capacity,    10.66 MB ( 97%) used,   315.23 KB (  3%) free+waste,    56.81 KB ( <1%) overhead. 
      Class:      1.49 MB capacity,     1.29 MB ( 87%) used,   175.42 KB ( 12%) free+waste,    28.13 KB (  2%) overhead. 
       Both:     12.51 MB capacity,    11.95 MB ( 96%) used,   490.66 KB (  4%) free+waste,    84.94 KB ( <1%) overhead. 

Virtual space:
  Non-class space:       12.00 MB reserved,      11.25 MB ( 94%) committed 
      Class space:        1.00 GB reserved,       1.50 MB ( <1%) committed 
             Both:        1.01 GB reserved,      12.75 MB (  1%) committed 

Chunk freelists:
   Non-Class:  4.88 KB
       Class:  0 bytes
        Both:  4.88 KB

CodeHeap 'non-profiled nmethods': size=120064Kb used=326Kb max_used=326Kb free=119737Kb
 bounds [0x0000000016ad0000, 0x0000000016d40000, 0x000000001e010000]
CodeHeap 'profiled nmethods': size=120000Kb used=1836Kb max_used=1836Kb free=118163Kb
 bounds [0x000000000f5a0000, 0x000000000f810000, 0x0000000016ad0000]
CodeHeap 'non-nmethods': size=5696Kb used=1163Kb max_used=1175Kb free=4532Kb
 bounds [0x000000000f010000, 0x000000000f280000, 0x000000000f5a0000]
 total_blobs=1575 nmethods=1005 adapters=296
 compilation: enabled
              stopped_count=0, restarted_count=0
 full_count=0

Compilation events (10 events):
Event: 2.424 Thread 0x0000000060126000 1001       3       java.lang.StringUTF16::getChar (60 bytes)
Event: 2.425 Thread 0x0000000060126000 nmethod 1001 0x000000000f768390 code [0x000000000f768540, 0x000000000f7686f8]
Event: 2.425 Thread 0x0000000060125000 1002       4       java.lang.StringUTF16::getChar (60 bytes)
Event: 2.427 Thread 0x0000000060125000 nmethod 1002 0x0000000016b21190 code [0x0000000016b21320, 0x0000000016b213f8]
Event: 2.428 Thread 0x0000000060125000 1003       4       java.lang.Class::getName (21 bytes)
Event: 2.431 Thread 0x0000000060125000 nmethod 1003 0x0000000016b21510 code [0x0000000016b216a0, 0x0000000016b217e8]
Event: 2.437 Thread 0x0000000060126000 1004       3       java.lang.invoke.MethodHandles$Lookup::getDirectMethodCommon (275 bytes)
Event: 2.440 Thread 0x0000000060126000 nmethod 1004 0x000000000f768810 code [0x000000000f768b60, 0x000000000f769ea0]
Event: 2.440 Thread 0x0000000060126000 1005       3       java.util.stream.AbstractPipeline::evaluate (94 bytes)
Event: 2.441 Thread 0x0000000060126000 nmethod 1005 0x000000000f76a610 code [0x000000000f76a860, 0x000000000f76af30]

GC Heap History (2 events):
Event: 1.938 GC heap before
{Heap before GC invocations=0 (full 0):
 garbage-first heap   total 65536K, used 14336K [0x00000000c1400000, 0x0000000100000000)
  region size 1024K, 14 young (14336K), 0 survivors (0K)
 Metaspace       used 10636K, capacity 11078K, committed 11264K, reserved 1058816K
  class space    used 1070K, capacity 1203K, committed 1280K, reserved 1048576K
}
Event: 2.006 GC heap after
{Heap after GC invocations=1 (full 0):
 garbage-first heap   total 65536K, used 1908K [0x00000000c1400000, 0x0000000100000000)
  region size 1024K, 2 young (2048K), 2 survivors (2048K)
 Metaspace       used 10636K, capacity 11078K, committed 11264K, reserved 1058816K
  class space    used 1070K, capacity 1203K, committed 1280K, reserved 1048576K
}

Deoptimization events (9 events):
Event: 0.591 Thread 0x00000000001f8000 Uncommon trap: reason=class_check action=maybe_recompile pc=0x0000000016addac0 method=java.util.HashMap.putVal(ILjava/lang/Object;Ljava/lang/Object;ZZ)Ljava/lang/Object; @ 152 c2
Event: 0.593 Thread 0x00000000001f8000 Uncommon trap: reason=class_check action=maybe_recompile pc=0x0000000016addac0 method=java.util.HashMap.putVal(ILjava/lang/Object;Ljava/lang/Object;ZZ)Ljava/lang/Object; @ 152 c2
Event: 0.646 Thread 0x00000000001f8000 Uncommon trap: reason=class_check action=maybe_recompile pc=0x0000000016addac0 method=java.util.HashMap.putVal(ILjava/lang/Object;Ljava/lang/Object;ZZ)Ljava/lang/Object; @ 152 c2
Event: 0.646 Thread 0x00000000001f8000 Uncommon trap: reason=class_check action=maybe_recompile pc=0x0000000016addac0 method=java.util.HashMap.putVal(ILjava/lang/Object;Ljava/lang/Object;ZZ)Ljava/lang/Object; @ 152 c2
Event: 1.118 Thread 0x00000000001f8000 Uncommon trap: reason=unstable_if action=reinterpret pc=0x0000000016aece9c method=java.util.HashMap.putVal(ILjava/lang/Object;Ljava/lang/Object;ZZ)Ljava/lang/Object; @ 181 c2
Event: 1.355 Thread 0x00000000001f8000 Uncommon trap: reason=unstable_if action=reinterpret pc=0x0000000016ad3b68 method=java.lang.String.isLatin1()Z @ 10 c2
Event: 2.423 Thread 0x00000000001f8000 Uncommon trap: reason=unstable_if action=reinterpret pc=0x0000000016aee764 method=java.lang.CharacterData.of(I)Ljava/lang/CharacterData; @ 4 c2
Event: 2.424 Thread 0x00000000001f8000 Uncommon trap: reason=unstable_if action=reinterpret pc=0x0000000016adea6c method=java.lang.String.isLatin1()Z @ 10 c2
Event: 2.432 Thread 0x00000000001f8000 Uncommon trap: reason=unstable_if action=reinterpret pc=0x0000000016ad86a4 method=java.lang.String.isLatin1()Z @ 10 c2

Classes redefined (8 events):
Event: 68.218 Thread 0x00000000600c0000 redefined class name=ru.netology.services.Radio, count=1
Event: 970.104 Thread 0x00000000600c0000 redefined class name=ru.netology.services.Radio, count=2
Event: 970.109 Thread 0x00000000600c0000 redefined class name=ru.netology.services.RadioTest, count=1
Event: 1025.879 Thread 0x00000000600c0000 redefined class name=ru.netology.services.Radio, count=3
Event: 1025.884 Thread 0x00000000600c0000 redefined class name=ru.netology.services.RadioTest, count=2
Event: 1134.143 Thread 0x00000000600c0000 redefined class name=ru.netology.services.Radio, count=4
Event: 1134.148 Thread 0x00000000600c0000 redefined class name=ru.netology.services.RadioTest, count=3
Event: 1203.441 Thread 0x00000000600c0000 redefined class name=ru.netology.services.RadioTest, count=4

Internal exceptions (10 events):
Event: 2.138 Thread 0x00000000001f8000 Exception <a 'java/lang/NoSuchMethodError'{0x00000000c52cd398}: java.lang.invoke.DirectMethodHandle$Holder.invokeStatic(Ljava/lang/Object;Ljava/lang/Object;Ljava/lang/Object;Ljava/lang/Object;)V> (0x00000000c52cd398) thrown at [t:/workspace/open/src/hotsp
Event: 2.175 Thread 0x00000000001f8000 Exception <a 'java/lang/NoSuchMethodError'{0x00000000c514dfc8}: java.lang.invoke.DirectMethodHandle$Holder.invokeStatic(Ljava/lang/Object;Ljava/lang/Object;Ljava/lang/Object;Ljava/lang/Object;Ljava/lang/Object;)I> (0x00000000c514dfc8) thrown at [t:/worksp
Event: 2.195 Thread 0x00000000001f8000 Exception <a 'java/lang/NoSuchMethodError'{0x00000000c519ba20}: java.lang.invoke.DirectMethodHandle$Holder.invokeStaticInit(Ljava/lang/Object;)V> (0x00000000c519ba20) thrown at [t:/workspace/open/src/hotspot/share/interpreter/linkResolver.cpp, line 772]
Event: 2.202 Thread 0x00000000001f8000 Exception <a 'java/lang/NoSuchMethodError'{0x00000000c51b9790}: java.lang.invoke.DirectMethodHandle$Holder.invokeSpecial(Ljava/lang/Object;Ljava/lang/Object;)V> (0x00000000c51b9790) thrown at [t:/workspace/open/src/hotspot/share/interpreter/linkResolver.c
Event: 2.226 Thread 0x00000000001f8000 Exception <a 'java/lang/NoSuchMethodError'{0x00000000c505ba08}: java.lang.invoke.DirectMethodHandle$Holder.invokeStaticInit(Ljava/lang/Object;Ljava/lang/Object;Ljava/lang/Object;Ljava/lang/Object;)V> (0x00000000c505ba08) thrown at [t:/workspace/open/src/h
Event: 2.251 Thread 0x00000000001f8000 Exception <a 'java/lang/NoSuchMethodError'{0x00000000c50caa20}: java.lang.invoke.DirectMethodHandle$Holder.invokeStaticInit(Ljava/lang/Object;Ljava/lang/Object;)I> (0x00000000c50caa20) thrown at [t:/workspace/open/src/hotspot/share/interpreter/linkResolve
Event: 2.363 Thread 0x00000000001f8000 Exception <a 'java/lang/NoSuchMethodError'{0x00000000c4e1a260}: java.lang.invoke.DirectMethodHandle$Holder.invokeStatic(Ljava/lang/Object;Ljava/lang/Object;Ljava/lang/Object;Ljava/lang/Object;Ljava/lang/Object;)V> (0x00000000c4e1a260) thrown at [t:/worksp
Event: 2.377 Thread 0x00000000001f8000 Exception <a 'java/lang/NoSuchMethodError'{0x00000000c4e286a8}: java.lang.invoke.Invokers$Holder.linkToTargetMethod(Ljava/lang/Object;Ljava/lang/Object;Ljava/lang/Object;Ljava/lang/Object;Ljava/lang/Object;Ljava/lang/Object;Ljava/lang/Object;)Ljava/lang/O
Event: 2.381 Thread 0x00000000001f8000 Exception <a 'java/lang/NoSuchMethodError'{0x00000000c4e39ca0}: java.lang.invoke.DirectMethodHandle$Holder.invokeInterface(Ljava/lang/Object;Ljava/lang/Object;Ljava/lang/Object;Ljava/lang/Object;Ljava/lang/Object;)Ljava/lang/Object;> (0x00000000c4e39ca0) 
Event: 2.382 Thread 0x00000000001f8000 Exception <a 'java/lang/IncompatibleClassChangeError'{0x00000000c4e3d3f8}: Found class java.lang.Object, but interface was expected> (0x00000000c4e3d3f8) thrown at [t:/workspace/open/src/hotspot/share/interpreter/linkResolver.cpp, line 856]

Events (10 events):
Event: 1203.443 Executing VM operation: RedefineClasses done
Event: 1203.446 Executing VM operation: GetFrameCount
Event: 1203.447 Executing VM operation: GetFrameCount done
Event: 1203.447 Executing VM operation: GetFrameCount
Event: 1203.447 Executing VM operation: GetFrameCount done
Event: 1203.447 Executing VM operation: GetStackTrace
Event: 1203.456 Executing VM operation: GetStackTrace done
Event: 1203.457 Executing VM operation: GetFrameLocation
Event: 1203.457 Executing VM operation: GetFrameLocation done
Event: 1203.457 Executing VM operation: GetOrSetLocal


Dynamic libraries:
0x000000013f650000 - 0x000000013f695000 	C:\Program Files\Java\jdk-11.0.1\bin\java.exe
0x0000000077ae0000 - 0x0000000077c7f000 	C:\Windows\SYSTEM32\ntdll.dll
0x00000000778c0000 - 0x00000000779df000 	C:\Windows\system32\kernel32.dll
0x000007fefd710000 - 0x000007fefd777000 	C:\Windows\system32\KERNELBASE.dll
0x00000000779e0000 - 0x0000000077adb000 	C:\Windows\system32\USER32.dll
0x000007fefe510000 - 0x000007fefe577000 	C:\Windows\system32\GDI32.dll
0x000007fefe790000 - 0x000007fefe79e000 	C:\Windows\system32\LPK.dll
0x000007feff750000 - 0x000007feff81b000 	C:\Windows\system32\USP10.dll
0x000007fefe440000 - 0x000007fefe4df000 	C:\Windows\system32\msvcrt.dll
0x000007fefaed0000 - 0x000007fefb0c5000 	C:\Windows\WinSxS\amd64_microsoft.windows.common-controls_6595b64144ccf1df_6.0.7601.24483_none_e372d88f30fbb845\COMCTL32.dll
0x000007feffcd0000 - 0x000007feffd41000 	C:\Windows\system32\SHLWAPI.dll
0x000007fefe4e0000 - 0x000007fefe50e000 	C:\Windows\system32\IMM32.DLL
0x000007fefe100000 - 0x000007fefe20b000 	C:\Windows\system32\MSCTF.dll
0x000007fefd560000 - 0x000007fefd59c000 	C:\Windows\system32\nvinitx.dll
0x000007fefe360000 - 0x000007fefe43b000 	C:\Windows\system32\ADVAPI32.dll
0x000007fefe580000 - 0x000007fefe59f000 	C:\Windows\SYSTEM32\sechost.dll
0x000007fefdcc0000 - 0x000007fefddec000 	C:\Windows\system32\RPCRT4.dll
0x000000000f000000 - 0x000000000f006000 	C:\Program Files\NVIDIA Corporation\CoProcManager\_etoured.dll
0x000007fef9d50000 - 0x000007fef9d94000 	C:\Program Files\NVIDIA Corporation\CoProcManager\nvd3d9wrapx.dll
0x000007fefded0000 - 0x000007fefe0a7000 	C:\Windows\system32\SETUPAPI.dll
0x000007fefd980000 - 0x000007fefd9b6000 	C:\Windows\system32\CFGMGR32.dll
0x000007fefddf0000 - 0x000007fefdecb000 	C:\Windows\system32\OLEAUT32.dll
0x000007fefe7a0000 - 0x000007fefe99f000 	C:\Windows\system32\ole32.dll
0x000007fefd9c0000 - 0x000007fefd9da000 	C:\Windows\system32\DEVOBJ.dll
0x000007fef9d00000 - 0x000007fef9d42000 	C:\Program Files\NVIDIA Corporation\CoProcManager\nvdxgiwrapx.dll
0x000007fef6080000 - 0x000007fef6083000 	C:\Windows\system32\api-ms-win-core-synch-l1-2-0.DLL
0x000007fef6e90000 - 0x000007fef6ea6000 	C:\Program Files\Java\jdk-11.0.1\bin\vcruntime140.dll
0x000007fefa210000 - 0x000007fefa214000 	C:\Program Files\Java\jdk-11.0.1\bin\api-ms-win-crt-runtime-l1-1-0.dll
0x000007feebfb0000 - 0x000007feec0a6000 	C:\Program Files\Java\jdk-11.0.1\bin\ucrtbase.DLL
0x000007fef6f90000 - 0x000007fef6f93000 	C:\Program Files\Java\jdk-11.0.1\bin\api-ms-win-core-localization-l1-2-0.dll
0x000007fef6f80000 - 0x000007fef6f83000 	C:\Program Files\Java\jdk-11.0.1\bin\api-ms-win-core-processthreads-l1-1-1.dll
0x000007fef6f50000 - 0x000007fef6f53000 	C:\Program Files\Java\jdk-11.0.1\bin\api-ms-win-core-file-l1-2-0.dll
0x000007fef6e80000 - 0x000007fef6e83000 	C:\Program Files\Java\jdk-11.0.1\bin\api-ms-win-core-timezone-l1-1-0.dll
0x000007fef6e50000 - 0x000007fef6e53000 	C:\Program Files\Java\jdk-11.0.1\bin\api-ms-win-core-file-l2-1-0.dll
0x000007fef6e00000 - 0x000007fef6e04000 	C:\Program Files\Java\jdk-11.0.1\bin\api-ms-win-crt-string-l1-1-0.dll
0x000007fef6ba0000 - 0x000007fef6ba3000 	C:\Program Files\Java\jdk-11.0.1\bin\api-ms-win-crt-heap-l1-1-0.dll
0x000007fef6b10000 - 0x000007fef6b14000 	C:\Program Files\Java\jdk-11.0.1\bin\api-ms-win-crt-stdio-l1-1-0.dll
0x000007fef6b00000 - 0x000007fef6b04000 	C:\Program Files\Java\jdk-11.0.1\bin\api-ms-win-crt-convert-l1-1-0.dll
0x000007fef6a50000 - 0x000007fef6afa000 	C:\Program Files\Java\jdk-11.0.1\bin\msvcp140.dll
0x000007fef6a40000 - 0x000007fef6a43000 	C:\Program Files\Java\jdk-11.0.1\bin\api-ms-win-crt-locale-l1-1-0.dll
0x000007fef6a30000 - 0x000007fef6a35000 	C:\Program Files\Java\jdk-11.0.1\bin\api-ms-win-crt-math-l1-1-0.dll
0x000007fef6a20000 - 0x000007fef6a25000 	C:\Program Files\Java\jdk-11.0.1\bin\api-ms-win-crt-multibyte-l1-1-0.dll
0x000007fef6a10000 - 0x000007fef6a13000 	C:\Program Files\Java\jdk-11.0.1\bin\api-ms-win-crt-time-l1-1-0.dll
0x000007fef6a00000 - 0x000007fef6a03000 	C:\Program Files\Java\jdk-11.0.1\bin\api-ms-win-crt-filesystem-l1-1-0.dll
0x000007fef69f0000 - 0x000007fef69f3000 	C:\Program Files\Java\jdk-11.0.1\bin\api-ms-win-crt-environment-l1-1-0.dll
0x000007fef69e0000 - 0x000007fef69e3000 	C:\Program Files\Java\jdk-11.0.1\bin\api-ms-win-crt-utility-l1-1-0.dll
0x000007fee51f0000 - 0x000007fee5d31000 	C:\Program Files\Java\jdk-11.0.1\bin\server\jvm.dll
0x000007fef6060000 - 0x000007fef6069000 	C:\Windows\system32\WSOCK32.dll
0x000007fefe0b0000 - 0x000007fefe0fd000 	C:\Windows\system32\WS2_32.dll
0x000007fefe350000 - 0x000007fefe358000 	C:\Windows\system32\NSI.dll
0x000007fef98f0000 - 0x000007fef992b000 	C:\Windows\system32\WINMM.dll
0x000007fefc660000 - 0x000007fefc66c000 	C:\Windows\system32\VERSION.dll
0x0000000077c80000 - 0x0000000077c87000 	C:\Windows\system32\PSAPI.DLL
0x000007fef69c0000 - 0x000007fef69d1000 	C:\Program Files\Java\jdk-11.0.1\bin\verify.dll
0x000007fef7010000 - 0x000007fef7135000 	C:\Windows\system32\DBGHELP.DLL
0x000007fef6990000 - 0x000007fef69b8000 	C:\Program Files\Java\jdk-11.0.1\bin\java.dll
0x000007fef6100000 - 0x000007fef6137000 	C:\Program Files\Java\jdk-11.0.1\bin\jdwp.dll
0x000007fef6300000 - 0x000007fef632f000 	C:\Program Files\Java\jdk-11.0.1\bin\instrument.dll
0x000007fef6950000 - 0x000007fef6966000 	C:\Program Files\Java\jdk-11.0.1\bin\zip.dll
0x000007fef6940000 - 0x000007fef694a000 	C:\Program Files\Java\jdk-11.0.1\bin\jimage.dll
0x000007fefe9c0000 - 0x000007feff74b000 	C:\Windows\system32\SHELL32.dll
0x000007fefd640000 - 0x000007fefd64f000 	C:\Windows\system32\profapi.dll
0x000007fef61b0000 - 0x000007fef61ba000 	C:\Program Files\Java\jdk-11.0.1\bin\dt_socket.dll
0x000007fefcd70000 - 0x000007fefcdc5000 	C:\Windows\system32\mswsock.dll
0x000007fefc730000 - 0x000007fefc737000 	C:\Windows\System32\wshtcpip.dll
0x000007fef6840000 - 0x000007fef6859000 	C:\Program Files\Java\jdk-11.0.1\bin\net.dll
0x000007fef9560000 - 0x000007fef95d1000 	C:\Windows\system32\WINHTTP.dll
0x000007fef99e0000 - 0x000007fef9a45000 	C:\Windows\system32\webio.dll
0x000007fefcd60000 - 0x000007fefcd67000 	C:\Windows\System32\wship6.dll
0x000007fef67d0000 - 0x000007fef67e3000 	C:\Program Files\Java\jdk-11.0.1\bin\nio.dll

dbghelp: loaded successfully - version: 4.0.5 - missing functions: none
symbol engine: initialized successfully - sym options: 0x614 - pdb path: .;C:\Program Files\Java\jdk-11.0.1\bin;C:\Windows\SYSTEM32;C:\Windows\WinSxS\amd64_microsoft.windows.common-controls_6595b64144ccf1df_6.0.7601.24483_none_e372d88f30fbb845;C:\Program Files\NVIDIA Corporation\CoProcManager;C:\Program Files\Java\jdk-11.0.1\bin\server

VM Arguments:
jvm_args: -agentlib:jdwp=transport=dt_socket,address=127.0.0.1:53160,suspend=y,server=n -ea -Didea.test.cyclic.buffer.size=1048576 -javaagent:C:\Users\ZOLOTOV\.IdeaIC2018.2\system\captureAgent\debugger-agent.jar=file:/C:/Users/ZOLOTOV/AppData/Local/Temp/capture.props -Dfile.encoding=UTF-8 
java_command: com.intellij.rt.execution.junit.JUnitStarter -ideVersion5 -junit5 ru.netology.services.RadioTest,shouldReturnFromNineToZeroIfNext
java_class_path (initial): C:\Program Files\JetBrains\IntelliJ IDEA Community Edition 2018.2.8\lib\idea_rt.jar;C:\Program Files\JetBrains\IntelliJ IDEA Community Edition 2018.2.8\plugins\junit\lib\junit-rt.jar;C:\Program Files\JetBrains\IntelliJ IDEA Community Edition 2018.2.8\plugins\junit\lib\junit5-rt.jar;C:\Users\ZOLOTOV\.m2\repository\org\junit\platform\junit-platform-launcher\1.10.2\junit-platform-launcher-1.10.2.jar;C:\Users\ZOLOTOV\.m2\repository\org\junit\platform\junit-platform-engine\1.10.2\junit-platform-engine-1.10.2.jar;C:\Users\ZOLOTOV\.m2\repository\org\opentest4j\opentest4j\1.3.0\opentest4j-1.3.0.jar;C:\Users\ZOLOTOV\.m2\repository\org\junit\platform\junit-platform-commons\1.10.2\junit-platform-commons-1.10.2.jar;C:\Users\ZOLOTOV\.m2\repository\org\apiguardian\apiguardian-api\1.1.2\apiguardian-api-1.1.2.jar;C:\Users\ZOLOTOV\.m2\repository\org\junit\jupiter\junit-jupiter-engine\5.10.2\junit-jupiter-engine-5.10.2.jar;C:\Users\ZOLOTOV\.m2\repository\org\junit\jupiter\junit-jupiter-api\5.10.2\junit-jupiter-api-5.10.2.jar;C:\Users\ZOLOTOV\.m2\repository\org\junit\vintage\junit-vintage-engine\5.10.2\junit-vintage-engine-5.10.2.jar;C:\Users\ZOLOTOV\.m2\repository\junit\junit\4.13.2\junit-4.13.2.jar;C:\Users\ZOLOTOV\.m2\repository\org\hamcrest\hamcrest-core\1.3\hamcrest-core-1.3.jar;C:\Users\ZOLOTOV\IdeaProjects\java_homework_10\target\test-classes;C:\Users\ZOLOTOV\IdeaProjects\java_homework_10\target\classes;C:\Users\ZOLOTOV\.m2\repository\junit\junit\4.12\junit-4.12.jar
Launcher Type: SUN_STANDARD

[Global flags]
     intx CICompilerCount                          = 3                                         {product} {ergonomic}
     uint ConcGCThreads                            = 1                                         {product} {ergonomic}
     uint G1ConcRefinementThreads                  = 4                                         {product} {ergonomic}
   size_t G1HeapRegionSize                         = 1048576                                   {product} {ergonomic}
    uintx GCDrainStackTargetSize                   = 64                                        {product} {ergonomic}
   size_t InitialHeapSize                          = 67108864                                  {product} {ergonomic}
   size_t MarkStackSize                            = 4194304                                   {product} {ergonomic}
   size_t MaxHeapSize                              = 1052770304                                {product} {ergonomic}
   size_t MaxNewSize                               = 631242752                                 {product} {ergonomic}
   size_t MinHeapDeltaBytes                        = 1048576                                   {product} {ergonomic}
    uintx NonNMethodCodeHeapSize                   = 5830092                                {pd product} {ergonomic}
    uintx NonProfiledCodeHeapSize                  = 122914074                              {pd product} {ergonomic}
    uintx ProfiledCodeHeapSize                     = 122914074                              {pd product} {ergonomic}
    uintx ReservedCodeCacheSize                    = 251658240                              {pd product} {ergonomic}
     bool SegmentedCodeCache                       = true                                      {product} {ergonomic}
     bool UseCompressedClassPointers               = true                                 {lp64_product} {ergonomic}
     bool UseCompressedOops                        = true                                 {lp64_product} {ergonomic}
     bool UseG1GC                                  = true                                      {product} {ergonomic}
     bool UseLargePagesIndividualAllocation        = false                                  {pd product} {ergonomic}

Logging:
Log output configuration:
 #0: stdout all=warning uptime,level,tags
 #1: stderr all=off uptime,level,tags

Environment Variables:
JAVA_HOME=C:\Program Files\Java\jdk-11.0.1
PATH=C:\Program Files\Java\jdk-11.0.1\bin;;
USERNAME=ZOLOTOV
OS=Windows_NT
PROCESSOR_IDENTIFIER=Intel64 Family 6 Model 42 Stepping 7, GenuineIntel



---------------  S Y S T E M  ---------------

OS: Windows 7 , 64 bit Build 7601 (6.1.7601.24545)

CPU:total 4 (initial active 4) (2 cores per cpu, 2 threads per core) family 6 model 42 stepping 7, cmov, cx8, fxsr, mmx, sse, sse2, sse3, ssse3, sse4.1, sse4.2, popcnt, avx, clmul, ht, tsc, tscinvbit

Memory: 4k page, system-wide physical 4009M (1013M free)
TotalPageFile size 8017M (AvailPageFile size 1451M)
current process WorkingSet (physical memory assigned to process): 61M, peak: 65M
current process commit charge ("private bytes"): 149M, peak: 151M

vm_info: OpenJDK 64-Bit Server VM (11.0.1+13) for windows-amd64 JRE (11.0.1+13), built on Oct  6 2018 13:18:13 by "mach5one" with MS VC++ 15.5 (VS2017)

END.
