#
# A fatal error has been detected by the Java Runtime Environment:
#
#  Internal Error (t:/workspace/open/src/hotspot/share/oops/generateOopMap.cpp:2164), pid=7064, tid=5240
#  fatal error: Illegal class file encountered. Try running with -Xverify:all in method shouldReturnFromNineToZeroIfNext
#
# JRE version: OpenJDK Runtime Environment (11.0.1+13) (build 11.0.1+13)
# Java VM: OpenJDK 64-Bit Server VM (11.0.1+13, mixed mode, tiered, compressed oops, g1 gc, windows-amd64)
# No core dump will be written. Minidumps are not enabled by default on client versions of Windows
#
# If you would like to submit a bug report, please visit:
#   http://bugreport.java.com/bugreport/crash.jsp
#

---------------  S U M M A R Y ------------

Command Line: -agentlib:jdwp=transport=dt_socket,address=127.0.0.1:56738,suspend=y,server=n -ea -Didea.test.cyclic.buffer.size=1048576 -javaagent:C:\Users\ZOLOTOV\.IdeaIC2018.2\system\captureAgent\debugger-agent.jar=file:/C:/Users/ZOLOTOV/AppData/Local/Temp/capture.props -Dfile.encoding=UTF-8 com.intellij.rt.execution.junit.JUnitStarter -ideVersion5 -junit5 ru.netology.services.RadioTest,shouldReturnFromNineToZeroIfNext

Host: Intel(R) Core(TM) i3-2310M CPU @ 2.10GHz, 4 cores, 3G,  Windows 7 , 64 bit Build 7601 (6.1.7601.24545)
Time: Sun Mar 17 19:27:48 2024 RTZ 2 (ceia) elapsed time: 563 seconds (0d 0h 9m 23s)

---------------  T H R E A D  ---------------

Current thread (0x000000000e942800):  VMThread "VM Thread" [stack: 0x000000000ead0000,0x000000000ebd0000] [id=5240]

Stack: [0x000000000ead0000,0x000000000ebd0000]
[error occurred during error reporting (printing stack bounds), id 0xc0000005, EXCEPTION_ACCESS_VIOLATION (0xc0000005) at pc=0x000000000f010bad]

Native frames: (J=compiled Java code, j=interpreted, Vv=VM code, C=native code)
V  [jvm.dll+0x63ad9a]
V  [jvm.dll+0x77851f]
V  [jvm.dll+0x779b08]
V  [jvm.dll+0x77a125]
V  [jvm.dll+0x77a0db]
V  [jvm.dll+0x63a496]
V  [jvm.dll+0x63a868]
C  [ntdll.dll+0x6be9d]
C  [ntdll.dll+0x4040a]
C  [ntdll.dll+0x6b53e]
C  0x000000000f010bad

VM_Operation (0x00000000614bf110): GetOrSetLocal, mode: safepoint, requested by thread 0x0000000060f88000


---------------  P R O C E S S  ---------------

Threads class SMR info:
_java_thread_list=0x00000000610376f0, length=13, elements={
0x0000000000478000, 0x000000000e988800, 0x000000000e992800, 0x000000000e9a1800,
0x000000000e9a7800, 0x000000000e9a9800, 0x000000000e9ab000, 0x000000000e9cb000,
0x0000000060e9a000, 0x0000000060f88000, 0x0000000060f56800, 0x0000000060f7e800,
0x0000000061038000
}

Java Threads: ( => current thread )
  0x0000000000478000 JavaThread "main" [_thread_blocked, id=7196, stack(0x0000000002680000,0x0000000002780000)]
  0x000000000e988800 JavaThread "Reference Handler" daemon [_thread_blocked, id=4692, stack(0x000000000ece0000,0x000000000ede0000)]
  0x000000000e992800 JavaThread "Finalizer" daemon [_thread_blocked, id=7232, stack(0x0000000060810000,0x0000000060910000)]
  0x000000000e9a1800 JavaThread "Signal Dispatcher" daemon [_thread_blocked, id=8100, stack(0x0000000060970000,0x0000000060a70000)]
  0x000000000e9a7800 JavaThread "Attach Listener" daemon [_thread_blocked, id=5624, stack(0x0000000060a90000,0x0000000060b90000)]
  0x000000000e9a9800 JavaThread "C2 CompilerThread0" daemon [_thread_blocked, id=7096, stack(0x0000000060b90000,0x0000000060c90000)]
  0x000000000e9ab000 JavaThread "C1 CompilerThread0" daemon [_thread_blocked, id=6616, stack(0x000000000ee90000,0x000000000ef90000)]
  0x000000000e9cb000 JavaThread "Sweeper thread" daemon [_thread_blocked, id=2660, stack(0x0000000060cd0000,0x0000000060dd0000)]
  0x0000000060e9a000 JavaThread "Common-Cleaner" daemon [_thread_blocked, id=2448, stack(0x0000000061230000,0x0000000061330000)]
  0x0000000060f88000 JavaThread "JDWP Transport Listener: dt_socket" daemon [_thread_blocked, id=7340, stack(0x00000000613c0000,0x00000000614c0000)] _threads_hazard_ptr=0x00000000610376f0
  0x0000000060f56800 JavaThread "JDWP Event Helper Thread" daemon [_thread_blocked, id=5544, stack(0x00000000615e0000,0x00000000616e0000)]
  0x0000000060f7e800 JavaThread "JDWP Command Reader" daemon [_thread_in_native, id=6304, stack(0x00000000617c0000,0x00000000618c0000)]
  0x0000000061038000 JavaThread "Service Thread" daemon [_thread_blocked, id=8200, stack(0x0000000061950000,0x0000000061a50000)]

Other Threads:
=>0x000000000e942800 VMThread "VM Thread" [stack: 0x000000000ead0000,0x000000000ebd0000] [id=5240]
  0x000000006107e800 WatcherThread [stack: 0x0000000061b30000,0x0000000061c30000] [id=6276]
  0x000000000048c000 GCTaskThread "GC Thread#0" [stack: 0x000000000b240000,0x000000000b340000] [id=7412]
  0x0000000061e49000 GCTaskThread "GC Thread#1" [stack: 0x0000000062690000,0x0000000062790000] [id=7756]
  0x00000000004a7000 ConcurrentGCThread "G1 Main Marker" [stack: 0x000000000dc70000,0x000000000dd70000] [id=5720]
  0x00000000004a9800 ConcurrentGCThread "G1 Conc#0" [stack: 0x000000000df40000,0x000000000e040000] [id=6232]
  0x000000000e380800 ConcurrentGCThread "G1 Refine#0" [stack: 0x000000000e570000,0x000000000e670000] [id=4868]
  0x00000000004ec800 ConcurrentGCThread "G1 Young RemSet Sampling" [stack: 0x000000000e7a0000,0x000000000e8a0000] [id=2900]

Threads with active compile tasks:

VM state:at safepoint (normal execution)

VM Mutex/Monitor currently owned by a thread:  ([mutex/lock_event])
[0x0000000000475a10] Threads_lock - owner thread: 0x000000000e942800

Heap address: 0x00000000c1400000, size: 1004 MB, Compressed Oops mode: 32-bit
Narrow klass base: 0x0000000000000000, Narrow klass shift: 0
Compressed class space size: 1073741824 Address: 0x0000000020010000

Heap:
 garbage-first heap   total 65536K, used 8056K [0x00000000c1400000, 0x0000000100000000)
  region size 1024K, 9 young (9216K), 2 survivors (2048K)
 Metaspace       used 12307K, capacity 12942K, committed 13056K, reserved 1060864K
  class space    used 1318K, capacity 1524K, committed 1536K, reserved 1048576K
Heap Regions: E=young(eden), S=young(survivor), O=old, HS=humongous(starts), HC=humongous(continues), CS=collection set, F=free, A=archive, TAMS=top-at-mark-start (previous, next)
|   0|0x00000000c1400000, 0x00000000c1400000, 0x00000000c1500000|  0%| F|  |TAMS 0x00000000c1400000, 0x00000000c1400000| Untracked 
|   1|0x00000000c1500000, 0x00000000c1500000, 0x00000000c1600000|  0%| F|  |TAMS 0x00000000c1500000, 0x00000000c1500000| Untracked 
|   2|0x00000000c1600000, 0x00000000c1600000, 0x00000000c1700000|  0%| F|  |TAMS 0x00000000c1600000, 0x00000000c1600000| Untracked 
|   3|0x00000000c1700000, 0x00000000c1700000, 0x00000000c1800000|  0%| F|  |TAMS 0x00000000c1700000, 0x00000000c1700000| Untracked 
|   4|0x00000000c1800000, 0x00000000c1800000, 0x00000000c1900000|  0%| F|  |TAMS 0x00000000c1800000, 0x00000000c1800000| Untracked 
|   5|0x00000000c1900000, 0x00000000c1900000, 0x00000000c1a00000|  0%| F|  |TAMS 0x00000000c1900000, 0x00000000c1900000| Untracked 
|   6|0x00000000c1a00000, 0x00000000c1a00000, 0x00000000c1b00000|  0%| F|  |TAMS 0x00000000c1a00000, 0x00000000c1a00000| Untracked 
|   7|0x00000000c1b00000, 0x00000000c1b00000, 0x00000000c1c00000|  0%| F|  |TAMS 0x00000000c1b00000, 0x00000000c1b00000| Untracked 
|   8|0x00000000c1c00000, 0x00000000c1c00000, 0x00000000c1d00000|  0%| F|  |TAMS 0x00000000c1c00000, 0x00000000c1c00000| Untracked 
|   9|0x00000000c1d00000, 0x00000000c1d00000, 0x00000000c1e00000|  0%| F|  |TAMS 0x00000000c1d00000, 0x00000000c1d00000| Untracked 
|  10|0x00000000c1e00000, 0x00000000c1e00000, 0x00000000c1f00000|  0%| F|  |TAMS 0x00000000c1e00000, 0x00000000c1e00000| Untracked 
|  11|0x00000000c1f00000, 0x00000000c1f00000, 0x00000000c2000000|  0%| F|  |TAMS 0x00000000c1f00000, 0x00000000c1f00000| Untracked 
|  12|0x00000000c2000000, 0x00000000c2000000, 0x00000000c2100000|  0%| F|  |TAMS 0x00000000c2000000, 0x00000000c2000000| Untracked 
|  13|0x00000000c2100000, 0x00000000c2100000, 0x00000000c2200000|  0%| F|  |TAMS 0x00000000c2100000, 0x00000000c2100000| Untracked 
|  14|0x00000000c2200000, 0x00000000c2200000, 0x00000000c2300000|  0%| F|  |TAMS 0x00000000c2200000, 0x00000000c2200000| Untracked 
|  15|0x00000000c2300000, 0x00000000c2300000, 0x00000000c2400000|  0%| F|  |TAMS 0x00000000c2300000, 0x00000000c2300000| Untracked 
|  16|0x00000000c2400000, 0x00000000c2400000, 0x00000000c2500000|  0%| F|  |TAMS 0x00000000c2400000, 0x00000000c2400000| Untracked 
|  17|0x00000000c2500000, 0x00000000c2500000, 0x00000000c2600000|  0%| F|  |TAMS 0x00000000c2500000, 0x00000000c2500000| Untracked 
|  18|0x00000000c2600000, 0x00000000c2600000, 0x00000000c2700000|  0%| F|  |TAMS 0x00000000c2600000, 0x00000000c2600000| Untracked 
|  19|0x00000000c2700000, 0x00000000c2700000, 0x00000000c2800000|  0%| F|  |TAMS 0x00000000c2700000, 0x00000000c2700000| Untracked 
|  20|0x00000000c2800000, 0x00000000c2800000, 0x00000000c2900000|  0%| F|  |TAMS 0x00000000c2800000, 0x00000000c2800000| Untracked 
|  21|0x00000000c2900000, 0x00000000c2900000, 0x00000000c2a00000|  0%| F|  |TAMS 0x00000000c2900000, 0x00000000c2900000| Untracked 
|  22|0x00000000c2a00000, 0x00000000c2a00000, 0x00000000c2b00000|  0%| F|  |TAMS 0x00000000c2a00000, 0x00000000c2a00000| Untracked 
|  23|0x00000000c2b00000, 0x00000000c2b00000, 0x00000000c2c00000|  0%| F|  |TAMS 0x00000000c2b00000, 0x00000000c2b00000| Untracked 
|  24|0x00000000c2c00000, 0x00000000c2c00000, 0x00000000c2d00000|  0%| F|  |TAMS 0x00000000c2c00000, 0x00000000c2c00000| Untracked 
|  25|0x00000000c2d00000, 0x00000000c2d00000, 0x00000000c2e00000|  0%| F|  |TAMS 0x00000000c2d00000, 0x00000000c2d00000| Untracked 
|  26|0x00000000c2e00000, 0x00000000c2e00000, 0x00000000c2f00000|  0%| F|  |TAMS 0x00000000c2e00000, 0x00000000c2e00000| Untracked 
|  27|0x00000000c2f00000, 0x00000000c2f00000, 0x00000000c3000000|  0%| F|  |TAMS 0x00000000c2f00000, 0x00000000c2f00000| Untracked 
|  28|0x00000000c3000000, 0x00000000c3000000, 0x00000000c3100000|  0%| F|  |TAMS 0x00000000c3000000, 0x00000000c3000000| Untracked 
|  29|0x00000000c3100000, 0x00000000c3100000, 0x00000000c3200000|  0%| F|  |TAMS 0x00000000c3100000, 0x00000000c3100000| Untracked 
|  30|0x00000000c3200000, 0x00000000c3200000, 0x00000000c3300000|  0%| F|  |TAMS 0x00000000c3200000, 0x00000000c3200000| Untracked 
|  31|0x00000000c3300000, 0x00000000c3300000, 0x00000000c3400000|  0%| F|  |TAMS 0x00000000c3300000, 0x00000000c3300000| Untracked 
|  32|0x00000000c3400000, 0x00000000c3400000, 0x00000000c3500000|  0%| F|  |TAMS 0x00000000c3400000, 0x00000000c3400000| Untracked 
|  33|0x00000000c3500000, 0x00000000c3500000, 0x00000000c3600000|  0%| F|  |TAMS 0x00000000c3500000, 0x00000000c3500000| Untracked 
|  34|0x00000000c3600000, 0x00000000c3600000, 0x00000000c3700000|  0%| F|  |TAMS 0x00000000c3600000, 0x00000000c3600000| Untracked 
|  35|0x00000000c3700000, 0x00000000c3700000, 0x00000000c3800000|  0%| F|  |TAMS 0x00000000c3700000, 0x00000000c3700000| Untracked 
|  36|0x00000000c3800000, 0x00000000c3800000, 0x00000000c3900000|  0%| F|  |TAMS 0x00000000c3800000, 0x00000000c3800000| Untracked 
|  37|0x00000000c3900000, 0x00000000c3900000, 0x00000000c3a00000|  0%| F|  |TAMS 0x00000000c3900000, 0x00000000c3900000| Untracked 
|  38|0x00000000c3a00000, 0x00000000c3a00000, 0x00000000c3b00000|  0%| F|  |TAMS 0x00000000c3a00000, 0x00000000c3a00000| Untracked 
|  39|0x00000000c3b00000, 0x00000000c3b00000, 0x00000000c3c00000|  0%| F|  |TAMS 0x00000000c3b00000, 0x00000000c3b00000| Untracked 
|  40|0x00000000c3c00000, 0x00000000c3c00000, 0x00000000c3d00000|  0%| F|  |TAMS 0x00000000c3c00000, 0x00000000c3c00000| Untracked 
|  41|0x00000000c3d00000, 0x00000000c3d00000, 0x00000000c3e00000|  0%| F|  |TAMS 0x00000000c3d00000, 0x00000000c3d00000| Untracked 
|  42|0x00000000c3e00000, 0x00000000c3e00000, 0x00000000c3f00000|  0%| F|  |TAMS 0x00000000c3e00000, 0x00000000c3e00000| Untracked 
|  43|0x00000000c3f00000, 0x00000000c3f00000, 0x00000000c4000000|  0%| F|  |TAMS 0x00000000c3f00000, 0x00000000c3f00000| Untracked 
|  44|0x00000000c4000000, 0x00000000c4000000, 0x00000000c4100000|  0%| F|  |TAMS 0x00000000c4000000, 0x00000000c4000000| Untracked 
|  45|0x00000000c4100000, 0x00000000c4100000, 0x00000000c4200000|  0%| F|  |TAMS 0x00000000c4100000, 0x00000000c4100000| Untracked 
|  46|0x00000000c4200000, 0x00000000c4200000, 0x00000000c4300000|  0%| F|  |TAMS 0x00000000c4200000, 0x00000000c4200000| Untracked 
|  47|0x00000000c4300000, 0x00000000c4300000, 0x00000000c4400000|  0%| F|  |TAMS 0x00000000c4300000, 0x00000000c4300000| Untracked 
|  48|0x00000000c4400000, 0x00000000c44de050, 0x00000000c4500000| 86%| S|CS|TAMS 0x00000000c4400000, 0x00000000c4400000| Complete 
|  49|0x00000000c4500000, 0x00000000c4600000, 0x00000000c4600000|100%| S|CS|TAMS 0x00000000c4500000, 0x00000000c4500000| Complete 
|  50|0x00000000c4600000, 0x00000000c4600000, 0x00000000c4700000|  0%| F|  |TAMS 0x00000000c4600000, 0x00000000c4600000| Untracked 
|  51|0x00000000c4700000, 0x00000000c4700000, 0x00000000c4800000|  0%| F|  |TAMS 0x00000000c4700000, 0x00000000c4700000| Untracked 
|  52|0x00000000c4800000, 0x00000000c4800000, 0x00000000c4900000|  0%| F|  |TAMS 0x00000000c4800000, 0x00000000c4800000| Untracked 
|  53|0x00000000c4900000, 0x00000000c4900000, 0x00000000c4a00000|  0%| F|  |TAMS 0x00000000c4900000, 0x00000000c4900000| Untracked 
|  54|0x00000000c4a00000, 0x00000000c4a00000, 0x00000000c4b00000|  0%| F|  |TAMS 0x00000000c4a00000, 0x00000000c4a00000| Untracked 
|  55|0x00000000c4b00000, 0x00000000c4b00000, 0x00000000c4c00000|  0%| F|  |TAMS 0x00000000c4b00000, 0x00000000c4b00000| Untracked 
|  56|0x00000000c4c00000, 0x00000000c4c00000, 0x00000000c4d00000|  0%| F|  |TAMS 0x00000000c4c00000, 0x00000000c4c00000| Untracked 
|  57|0x00000000c4d00000, 0x00000000c4ddcaa0, 0x00000000c4e00000| 86%| E|  |TAMS 0x00000000c4d00000, 0x00000000c4d00000| Complete 
|  58|0x00000000c4e00000, 0x00000000c4f00000, 0x00000000c4f00000|100%| E|CS|TAMS 0x00000000c4e00000, 0x00000000c4e00000| Complete 
|  59|0x00000000c4f00000, 0x00000000c5000000, 0x00000000c5000000|100%| E|CS|TAMS 0x00000000c4f00000, 0x00000000c4f00000| Complete 
|  60|0x00000000c5000000, 0x00000000c5100000, 0x00000000c5100000|100%| E|CS|TAMS 0x00000000c5000000, 0x00000000c5000000| Complete 
|  61|0x00000000c5100000, 0x00000000c5200000, 0x00000000c5200000|100%| E|CS|TAMS 0x00000000c5100000, 0x00000000c5100000| Complete 
|  62|0x00000000c5200000, 0x00000000c5300000, 0x00000000c5300000|100%| E|CS|TAMS 0x00000000c5200000, 0x00000000c5200000| Complete 
|  63|0x00000000c5300000, 0x00000000c5400000, 0x00000000c5400000|100%| E|CS|TAMS 0x00000000c5300000, 0x00000000c5300000| Complete 

Card table byte_map: [0x000000000b870000,0x000000000ba70000] _byte_map_base: 0x000000000b266000

Marking Bits (Prev, Next): (CMBitMap*) 0x00000000004a28a8, (CMBitMap*) 0x00000000004a28e0
 Prev Bits: [0x000000000bc70000, 0x000000000cc20000)
 Next Bits: [0x000000000cc20000, 0x000000000dbd0000)

Polling page: 0x0000000000230000

Metaspace:

Usage:
  Non-class:     11.15 MB capacity,    10.73 MB ( 96%) used,   371.63 KB (  3%) free+waste,    57.00 KB ( <1%) overhead. 
      Class:      1.49 MB capacity,     1.29 MB ( 87%) used,   177.40 KB ( 12%) free+waste,    28.13 KB (  2%) overhead. 
       Both:     12.64 MB capacity,    12.02 MB ( 95%) used,   549.03 KB (  4%) free+waste,    85.13 KB ( <1%) overhead. 

Virtual space:
  Non-class space:       12.00 MB reserved,      11.25 MB ( 94%) committed 
      Class space:        1.00 GB reserved,       1.50 MB ( <1%) committed 
             Both:        1.01 GB reserved,      12.75 MB (  1%) committed 

Chunk freelists:
   Non-Class:  4.75 KB
       Class:  0 bytes
        Both:  4.75 KB

CodeHeap 'non-profiled nmethods': size=120064Kb used=331Kb max_used=331Kb free=119732Kb
 bounds [0x0000000016ad0000, 0x0000000016d40000, 0x000000001e010000]
CodeHeap 'profiled nmethods': size=120000Kb used=2029Kb max_used=2029Kb free=117970Kb
 bounds [0x000000000f5a0000, 0x000000000f810000, 0x0000000016ad0000]
CodeHeap 'non-nmethods': size=5696Kb used=1161Kb max_used=1175Kb free=4534Kb
 bounds [0x000000000f010000, 0x000000000f280000, 0x000000000f5a0000]
 total_blobs=1644 nmethods=1076 adapters=296
 compilation: enabled
              stopped_count=0, restarted_count=0
 full_count=0

Compilation events (10 events):
Event: 1.692 Thread 0x000000000e9a9800 1072       4       java.lang.StringUTF16::getChar (60 bytes)
Event: 1.694 Thread 0x000000000e9a9800 nmethod 1072 0x0000000016b22b10 code [0x0000000016b22ca0, 0x0000000016b22d78]
Event: 1.698 Thread 0x000000000e9ab000 1073       3       jdk.internal.org.objectweb.asm.FieldWriter::getSize (262 bytes)
Event: 1.701 Thread 0x000000000e9ab000 nmethod 1073 0x000000000f797310 code [0x000000000f7975e0, 0x000000000f798290]
Event: 1.701 Thread 0x000000000e9ab000 1076       3       java.lang.String::hashCode (49 bytes)
Event: 1.702 Thread 0x000000000e9ab000 nmethod 1076 0x000000000f798810 code [0x000000000f798a00, 0x000000000f798e70]
Event: 1.702 Thread 0x000000000e9ab000 1074       3       jdk.internal.org.objectweb.asm.FieldWriter::put (475 bytes)
Event: 1.705 Thread 0x000000000e9ab000 nmethod 1074 0x000000000f799010 code [0x000000000f799420, 0x000000000f79a500]
Event: 1.705 Thread 0x000000000e9ab000 1075       3       java.util.stream.AbstractPipeline::evaluate (94 bytes)
Event: 1.706 Thread 0x000000000e9ab000 nmethod 1075 0x000000000f79ab90 code [0x000000000f79ade0, 0x000000000f79b4b0]

GC Heap History (2 events):
Event: 1.322 GC heap before
{Heap before GC invocations=0 (full 0):
 garbage-first heap   total 65536K, used 14336K [0x00000000c1400000, 0x0000000100000000)
  region size 1024K, 14 young (14336K), 0 survivors (0K)
 Metaspace       used 10673K, capacity 11078K, committed 11264K, reserved 1058816K
  class space    used 1069K, capacity 1203K, committed 1280K, reserved 1048576K
}
Event: 1.340 GC heap after
{Heap after GC invocations=1 (full 0):
 garbage-first heap   total 65536K, used 1912K [0x00000000c1400000, 0x0000000100000000)
  region size 1024K, 2 young (2048K), 2 survivors (2048K)
 Metaspace       used 10673K, capacity 11078K, committed 11264K, reserved 1058816K
  class space    used 1069K, capacity 1203K, committed 1280K, reserved 1048576K
}

Deoptimization events (9 events):
Event: 0.430 Thread 0x0000000000478000 Uncommon trap: reason=class_check action=maybe_recompile pc=0x0000000016ade7a8 method=java.util.HashMap.putVal(ILjava/lang/Object;Ljava/lang/Object;ZZ)Ljava/lang/Object; @ 152 c2
Event: 0.431 Thread 0x0000000000478000 Uncommon trap: reason=class_check action=maybe_recompile pc=0x0000000016ade7a8 method=java.util.HashMap.putVal(ILjava/lang/Object;Ljava/lang/Object;ZZ)Ljava/lang/Object; @ 152 c2
Event: 0.465 Thread 0x0000000000478000 Uncommon trap: reason=class_check action=maybe_recompile pc=0x0000000016ade7a8 method=java.util.HashMap.putVal(ILjava/lang/Object;Ljava/lang/Object;ZZ)Ljava/lang/Object; @ 152 c2
Event: 0.466 Thread 0x0000000000478000 Uncommon trap: reason=class_check action=maybe_recompile pc=0x0000000016ade7a8 method=java.util.HashMap.putVal(ILjava/lang/Object;Ljava/lang/Object;ZZ)Ljava/lang/Object; @ 152 c2
Event: 0.740 Thread 0x0000000000478000 Uncommon trap: reason=unstable_if action=reinterpret pc=0x0000000016ae90f4 method=java.util.HashMap.putVal(ILjava/lang/Object;Ljava/lang/Object;ZZ)Ljava/lang/Object; @ 181 c2
Event: 0.901 Thread 0x0000000000478000 Uncommon trap: reason=unstable_if action=reinterpret pc=0x0000000016ad4868 method=java.lang.String.isLatin1()Z @ 10 c2
Event: 1.689 Thread 0x0000000000478000 Uncommon trap: reason=unstable_if action=reinterpret pc=0x0000000016ae9f64 method=java.lang.CharacterData.of(I)Ljava/lang/CharacterData; @ 4 c2
Event: 1.690 Thread 0x0000000000478000 Uncommon trap: reason=unstable_if action=reinterpret pc=0x0000000016adbcec method=java.lang.String.isLatin1()Z @ 10 c2
Event: 1.695 Thread 0x0000000000478000 Uncommon trap: reason=unstable_if action=reinterpret pc=0x0000000016ad902c method=java.lang.String.isLatin1()Z @ 10 c2

Classes redefined (6 events):
Event: 105.171 Thread 0x000000000e942800 redefined class name=ru.netology.services.Radio, count=1
Event: 118.648 Thread 0x000000000e942800 redefined class name=ru.netology.services.RadioTest, count=1
Event: 282.318 Thread 0x000000000e942800 redefined class name=ru.netology.services.RadioTest, count=2
Event: 460.361 Thread 0x000000000e942800 redefined class name=ru.netology.services.Radio, count=2
Event: 490.616 Thread 0x000000000e942800 redefined class name=ru.netology.services.RadioTest, count=3
Event: 563.595 Thread 0x000000000e942800 redefined class name=ru.netology.services.RadioTest, count=4

Internal exceptions (10 events):
Event: 1.464 Thread 0x0000000000478000 Exception <a 'java/lang/NoSuchMethodError'{0x00000000c5129768}: java.lang.invoke.DirectMethodHandle$Holder.invokeStatic(Ljava/lang/Object;Ljava/lang/Object;Ljava/lang/Object;Ljava/lang/Object;)V> (0x00000000c5129768) thrown at [t:/workspace/open/src/hotsp
Event: 1.488 Thread 0x0000000000478000 Exception <a 'java/lang/NoSuchMethodError'{0x00000000c51a9fc0}: java.lang.invoke.DirectMethodHandle$Holder.invokeStatic(Ljava/lang/Object;Ljava/lang/Object;Ljava/lang/Object;Ljava/lang/Object;Ljava/lang/Object;)I> (0x00000000c51a9fc0) thrown at [t:/worksp
Event: 1.505 Thread 0x0000000000478000 Exception <a 'java/lang/NoSuchMethodError'{0x00000000c51f7738}: java.lang.invoke.DirectMethodHandle$Holder.invokeStaticInit(Ljava/lang/Object;)V> (0x00000000c51f7738) thrown at [t:/workspace/open/src/hotspot/share/interpreter/linkResolver.cpp, line 772]
Event: 1.510 Thread 0x0000000000478000 Exception <a 'java/lang/NoSuchMethodError'{0x00000000c5017448}: java.lang.invoke.DirectMethodHandle$Holder.invokeSpecial(Ljava/lang/Object;Ljava/lang/Object;)V> (0x00000000c5017448) thrown at [t:/workspace/open/src/hotspot/share/interpreter/linkResolver.c
Event: 1.530 Thread 0x0000000000478000 Exception <a 'java/lang/NoSuchMethodError'{0x00000000c50b9f48}: java.lang.invoke.DirectMethodHandle$Holder.invokeStaticInit(Ljava/lang/Object;Ljava/lang/Object;Ljava/lang/Object;Ljava/lang/Object;)V> (0x00000000c50b9f48) thrown at [t:/workspace/open/src/h
Event: 1.556 Thread 0x0000000000478000 Exception <a 'java/lang/NoSuchMethodError'{0x00000000c4f29178}: java.lang.invoke.DirectMethodHandle$Holder.invokeStaticInit(Ljava/lang/Object;Ljava/lang/Object;)I> (0x00000000c4f29178) thrown at [t:/workspace/open/src/hotspot/share/interpreter/linkResolve
Event: 1.647 Thread 0x0000000000478000 Exception <a 'java/lang/NoSuchMethodError'{0x00000000c4e7c1d8}: java.lang.invoke.DirectMethodHandle$Holder.invokeStatic(Ljava/lang/Object;Ljava/lang/Object;Ljava/lang/Object;Ljava/lang/Object;Ljava/lang/Object;)V> (0x00000000c4e7c1d8) thrown at [t:/worksp
Event: 1.649 Thread 0x0000000000478000 Exception <a 'java/lang/NoSuchMethodError'{0x00000000c4e8a860}: java.lang.invoke.Invokers$Holder.linkToTargetMethod(Ljava/lang/Object;Ljava/lang/Object;Ljava/lang/Object;Ljava/lang/Object;Ljava/lang/Object;Ljava/lang/Object;Ljava/lang/Object;)Ljava/lang/O
Event: 1.654 Thread 0x0000000000478000 Exception <a 'java/lang/NoSuchMethodError'{0x00000000c4e9be58}: java.lang.invoke.DirectMethodHandle$Holder.invokeInterface(Ljava/lang/Object;Ljava/lang/Object;Ljava/lang/Object;Ljava/lang/Object;Ljava/lang/Object;)Ljava/lang/Object;> (0x00000000c4e9be58) 
Event: 1.654 Thread 0x0000000000478000 Exception <a 'java/lang/IncompatibleClassChangeError'{0x00000000c4e9f5b0}: Found class java.lang.Object, but interface was expected> (0x00000000c4e9f5b0) thrown at [t:/workspace/open/src/hotspot/share/interpreter/linkResolver.cpp, line 856]

Events (10 events):
Event: 563.597 Executing VM operation: RedefineClasses done
Event: 563.598 Executing VM operation: GetFrameCount
Event: 563.598 Executing VM operation: GetFrameCount done
Event: 563.600 Executing VM operation: GetFrameCount
Event: 563.600 Executing VM operation: GetFrameCount done
Event: 563.600 Executing VM operation: GetStackTrace
Event: 563.600 Executing VM operation: GetStackTrace done
Event: 563.600 Executing VM operation: GetFrameLocation
Event: 563.601 Executing VM operation: GetFrameLocation done
Event: 563.601 Executing VM operation: GetOrSetLocal


Dynamic libraries:
0x000000013f400000 - 0x000000013f445000 	C:\Program Files\Java\jdk-11.0.1\bin\java.exe
0x0000000077ae0000 - 0x0000000077c7f000 	C:\Windows\SYSTEM32\ntdll.dll
0x00000000778c0000 - 0x00000000779df000 	C:\Windows\system32\kernel32.dll
0x000007fefd710000 - 0x000007fefd777000 	C:\Windows\system32\KERNELBASE.dll
0x00000000779e0000 - 0x0000000077adb000 	C:\Windows\system32\USER32.dll
0x000007fefe510000 - 0x000007fefe577000 	C:\Windows\system32\GDI32.dll
0x000007fefe790000 - 0x000007fefe79e000 	C:\Windows\system32\LPK.dll
0x000007feff750000 - 0x000007feff81b000 	C:\Windows\system32\USP10.dll
0x000007fefe440000 - 0x000007fefe4df000 	C:\Windows\system32\msvcrt.dll
0x000007fefaed0000 - 0x000007fefb0c5000 	C:\Windows\WinSxS\amd64_microsoft.windows.common-controls_6595b64144ccf1df_6.0.7601.24483_none_e372d88f30fbb845\COMCTL32.dll
0x000007feffcd0000 - 0x000007feffd41000 	C:\Windows\system32\SHLWAPI.dll
0x000007fefe4e0000 - 0x000007fefe50e000 	C:\Windows\system32\IMM32.DLL
0x000007fefe100000 - 0x000007fefe20b000 	C:\Windows\system32\MSCTF.dll
0x000007fefd560000 - 0x000007fefd59c000 	C:\Windows\system32\nvinitx.dll
0x000007fefe360000 - 0x000007fefe43b000 	C:\Windows\system32\ADVAPI32.dll
0x000007fefe580000 - 0x000007fefe59f000 	C:\Windows\SYSTEM32\sechost.dll
0x000007fefdcc0000 - 0x000007fefddec000 	C:\Windows\system32\RPCRT4.dll
0x000000000f000000 - 0x000000000f006000 	C:\Program Files\NVIDIA Corporation\CoProcManager\_etoured.dll
0x000007fef9d50000 - 0x000007fef9d94000 	C:\Program Files\NVIDIA Corporation\CoProcManager\nvd3d9wrapx.dll
0x000007fefded0000 - 0x000007fefe0a7000 	C:\Windows\system32\SETUPAPI.dll
0x000007fefd980000 - 0x000007fefd9b6000 	C:\Windows\system32\CFGMGR32.dll
0x000007fefddf0000 - 0x000007fefdecb000 	C:\Windows\system32\OLEAUT32.dll
0x000007fefe7a0000 - 0x000007fefe99f000 	C:\Windows\system32\ole32.dll
0x000007fefd9c0000 - 0x000007fefd9da000 	C:\Windows\system32\DEVOBJ.dll
0x000007fef9d00000 - 0x000007fef9d42000 	C:\Program Files\NVIDIA Corporation\CoProcManager\nvdxgiwrapx.dll
0x000007fef6080000 - 0x000007fef6083000 	C:\Windows\system32\api-ms-win-core-synch-l1-2-0.DLL
0x000007fef6f60000 - 0x000007fef6f76000 	C:\Program Files\Java\jdk-11.0.1\bin\vcruntime140.dll
0x000007fefa210000 - 0x000007fefa214000 	C:\Program Files\Java\jdk-11.0.1\bin\api-ms-win-crt-runtime-l1-1-0.dll
0x000007feec000000 - 0x000007feec0f6000 	C:\Program Files\Java\jdk-11.0.1\bin\ucrtbase.DLL
0x000007fefa1c0000 - 0x000007fefa1c3000 	C:\Program Files\Java\jdk-11.0.1\bin\api-ms-win-core-localization-l1-2-0.dll
0x000007fef8370000 - 0x000007fef8373000 	C:\Program Files\Java\jdk-11.0.1\bin\api-ms-win-core-processthreads-l1-1-1.dll
0x000007fef6f90000 - 0x000007fef6f93000 	C:\Program Files\Java\jdk-11.0.1\bin\api-ms-win-core-file-l1-2-0.dll
0x000007fef6f80000 - 0x000007fef6f83000 	C:\Program Files\Java\jdk-11.0.1\bin\api-ms-win-core-timezone-l1-1-0.dll
0x000007fef6f40000 - 0x000007fef6f43000 	C:\Program Files\Java\jdk-11.0.1\bin\api-ms-win-core-file-l2-1-0.dll
0x000007fef6f50000 - 0x000007fef6f54000 	C:\Program Files\Java\jdk-11.0.1\bin\api-ms-win-crt-string-l1-1-0.dll
0x000007fef6f30000 - 0x000007fef6f33000 	C:\Program Files\Java\jdk-11.0.1\bin\api-ms-win-crt-heap-l1-1-0.dll
0x000007fef6f10000 - 0x000007fef6f14000 	C:\Program Files\Java\jdk-11.0.1\bin\api-ms-win-crt-stdio-l1-1-0.dll
0x000007fef6ef0000 - 0x000007fef6ef4000 	C:\Program Files\Java\jdk-11.0.1\bin\api-ms-win-crt-convert-l1-1-0.dll
0x000007feef540000 - 0x000007feef5ea000 	C:\Program Files\Java\jdk-11.0.1\bin\msvcp140.dll
0x000007fef6eb0000 - 0x000007fef6eb3000 	C:\Program Files\Java\jdk-11.0.1\bin\api-ms-win-crt-locale-l1-1-0.dll
0x000007fef6e90000 - 0x000007fef6e95000 	C:\Program Files\Java\jdk-11.0.1\bin\api-ms-win-crt-math-l1-1-0.dll
0x000007fef6e80000 - 0x000007fef6e85000 	C:\Program Files\Java\jdk-11.0.1\bin\api-ms-win-crt-multibyte-l1-1-0.dll
0x000007fef6e00000 - 0x000007fef6e03000 	C:\Program Files\Java\jdk-11.0.1\bin\api-ms-win-crt-time-l1-1-0.dll
0x000007fef6e50000 - 0x000007fef6e53000 	C:\Program Files\Java\jdk-11.0.1\bin\api-ms-win-crt-filesystem-l1-1-0.dll
0x000007fef6b10000 - 0x000007fef6b13000 	C:\Program Files\Java\jdk-11.0.1\bin\api-ms-win-crt-environment-l1-1-0.dll
0x000007fef6ba0000 - 0x000007fef6ba3000 	C:\Program Files\Java\jdk-11.0.1\bin\api-ms-win-crt-utility-l1-1-0.dll
0x000007fee4500000 - 0x000007fee5041000 	C:\Program Files\Java\jdk-11.0.1\bin\server\jvm.dll
0x000007fef6060000 - 0x000007fef6069000 	C:\Windows\system32\WSOCK32.dll
0x000007fefe0b0000 - 0x000007fefe0fd000 	C:\Windows\system32\WS2_32.dll
0x000007fefe350000 - 0x000007fefe358000 	C:\Windows\system32\NSI.dll
0x000007fef98f0000 - 0x000007fef992b000 	C:\Windows\system32\WINMM.dll
0x000007fefc660000 - 0x000007fefc66c000 	C:\Windows\system32\VERSION.dll
0x0000000077c80000 - 0x0000000077c87000 	C:\Windows\system32\PSAPI.DLL
0x000007fef6ad0000 - 0x000007fef6ae1000 	C:\Program Files\Java\jdk-11.0.1\bin\verify.dll
0x000007fef7010000 - 0x000007fef7135000 	C:\Windows\system32\DBGHELP.DLL
0x000007fef6aa0000 - 0x000007fef6ac8000 	C:\Program Files\Java\jdk-11.0.1\bin\java.dll
0x000007fef62f0000 - 0x000007fef6327000 	C:\Program Files\Java\jdk-11.0.1\bin\jdwp.dll
0x000007fef62c0000 - 0x000007fef62ef000 	C:\Program Files\Java\jdk-11.0.1\bin\instrument.dll
0x000007fef6af0000 - 0x000007fef6b06000 	C:\Program Files\Java\jdk-11.0.1\bin\zip.dll
0x000007fef6a40000 - 0x000007fef6a4a000 	C:\Program Files\Java\jdk-11.0.1\bin\jimage.dll
0x000007fefe9c0000 - 0x000007feff74b000 	C:\Windows\system32\SHELL32.dll
0x000007fefd640000 - 0x000007fefd64f000 	C:\Windows\system32\profapi.dll
0x000007fef69d0000 - 0x000007fef69da000 	C:\Program Files\Java\jdk-11.0.1\bin\dt_socket.dll
0x000007fefcd70000 - 0x000007fefcdc5000 	C:\Windows\system32\mswsock.dll
0x000007fefc730000 - 0x000007fefc737000 	C:\Windows\System32\wshtcpip.dll
0x000007fef6a20000 - 0x000007fef6a39000 	C:\Program Files\Java\jdk-11.0.1\bin\net.dll
0x000007fef9560000 - 0x000007fef95d1000 	C:\Windows\system32\WINHTTP.dll
0x000007fef99e0000 - 0x000007fef9a45000 	C:\Windows\system32\webio.dll
0x000007fefcd60000 - 0x000007fefcd67000 	C:\Windows\System32\wship6.dll
0x000007fef6a00000 - 0x000007fef6a13000 	C:\Program Files\Java\jdk-11.0.1\bin\nio.dll

dbghelp: loaded successfully - version: 4.0.5 - missing functions: none
symbol engine: initialized successfully - sym options: 0x614 - pdb path: .;C:\Program Files\Java\jdk-11.0.1\bin;C:\Windows\SYSTEM32;C:\Windows\WinSxS\amd64_microsoft.windows.common-controls_6595b64144ccf1df_6.0.7601.24483_none_e372d88f30fbb845;C:\Program Files\NVIDIA Corporation\CoProcManager;C:\Program Files\Java\jdk-11.0.1\bin\server

VM Arguments:
jvm_args: -agentlib:jdwp=transport=dt_socket,address=127.0.0.1:56738,suspend=y,server=n -ea -Didea.test.cyclic.buffer.size=1048576 -javaagent:C:\Users\ZOLOTOV\.IdeaIC2018.2\system\captureAgent\debugger-agent.jar=file:/C:/Users/ZOLOTOV/AppData/Local/Temp/capture.props -Dfile.encoding=UTF-8 
java_command: com.intellij.rt.execution.junit.JUnitStarter -ideVersion5 -junit5 ru.netology.services.RadioTest,shouldReturnFromNineToZeroIfNext
java_class_path (initial): C:\Program Files\JetBrains\IntelliJ IDEA Community Edition 2018.2.8\lib\idea_rt.jar;C:\Program Files\JetBrains\IntelliJ IDEA Community Edition 2018.2.8\plugins\junit\lib\junit-rt.jar;C:\Program Files\JetBrains\IntelliJ IDEA Community Edition 2018.2.8\plugins\junit\lib\junit5-rt.jar;C:\Users\ZOLOTOV\.m2\repository\org\junit\platform\junit-platform-launcher\1.10.2\junit-platform-launcher-1.10.2.jar;C:\Users\ZOLOTOV\.m2\repository\org\junit\platform\junit-platform-engine\1.10.2\junit-platform-engine-1.10.2.jar;C:\Users\ZOLOTOV\.m2\repository\org\opentest4j\opentest4j\1.3.0\opentest4j-1.3.0.jar;C:\Users\ZOLOTOV\.m2\repository\org\junit\platform\junit-platform-commons\1.10.2\junit-platform-commons-1.10.2.jar;C:\Users\ZOLOTOV\.m2\repository\org\apiguardian\apiguardian-api\1.1.2\apiguardian-api-1.1.2.jar;C:\Users\ZOLOTOV\.m2\repository\org\junit\jupiter\junit-jupiter-engine\5.10.2\junit-jupiter-engine-5.10.2.jar;C:\Users\ZOLOTOV\.m2\repository\org\junit\jupiter\junit-jupiter-api\5.10.2\junit-jupiter-api-5.10.2.jar;C:\Users\ZOLOTOV\.m2\repository\org\junit\vintage\junit-vintage-engine\5.10.2\junit-vintage-engine-5.10.2.jar;C:\Users\ZOLOTOV\.m2\repository\junit\junit\4.13.2\junit-4.13.2.jar;C:\Users\ZOLOTOV\.m2\repository\org\hamcrest\hamcrest-core\1.3\hamcrest-core-1.3.jar;C:\Users\ZOLOTOV\IdeaProjects\java_homework_10\target\test-classes;C:\Users\ZOLOTOV\IdeaProjects\java_homework_10\target\classes;C:\Users\ZOLOTOV\.m2\repository\junit\junit\4.12\junit-4.12.jar
Launcher Type: SUN_STANDARD

[Global flags]
     intx CICompilerCount                          = 3                                         {product} {ergonomic}
     uint ConcGCThreads                            = 1                                         {product} {ergonomic}
     uint G1ConcRefinementThreads                  = 4                                         {product} {ergonomic}
   size_t G1HeapRegionSize                         = 1048576                                   {product} {ergonomic}
    uintx GCDrainStackTargetSize                   = 64                                        {product} {ergonomic}
   size_t InitialHeapSize                          = 67108864                                  {product} {ergonomic}
   size_t MarkStackSize                            = 4194304                                   {product} {ergonomic}
   size_t MaxHeapSize                              = 1052770304                                {product} {ergonomic}
   size_t MaxNewSize                               = 631242752                                 {product} {ergonomic}
   size_t MinHeapDeltaBytes                        = 1048576                                   {product} {ergonomic}
    uintx NonNMethodCodeHeapSize                   = 5830092                                {pd product} {ergonomic}
    uintx NonProfiledCodeHeapSize                  = 122914074                              {pd product} {ergonomic}
    uintx ProfiledCodeHeapSize                     = 122914074                              {pd product} {ergonomic}
    uintx ReservedCodeCacheSize                    = 251658240                              {pd product} {ergonomic}
     bool SegmentedCodeCache                       = true                                      {product} {ergonomic}
     bool UseCompressedClassPointers               = true                                 {lp64_product} {ergonomic}
     bool UseCompressedOops                        = true                                 {lp64_product} {ergonomic}
     bool UseG1GC                                  = true                                      {product} {ergonomic}
     bool UseLargePagesIndividualAllocation        = false                                  {pd product} {ergonomic}

Logging:
Log output configuration:
 #0: stdout all=warning uptime,level,tags
 #1: stderr all=off uptime,level,tags

Environment Variables:
JAVA_HOME=C:\Program Files\Java\jdk-11.0.1
PATH=C:\Program Files\Java\jdk-11.0.1\bin;;
USERNAME=ZOLOTOV
OS=Windows_NT
PROCESSOR_IDENTIFIER=Intel64 Family 6 Model 42 Stepping 7, GenuineIntel



---------------  S Y S T E M  ---------------

OS: Windows 7 , 64 bit Build 7601 (6.1.7601.24545)

CPU:total 4 (initial active 4) (2 cores per cpu, 2 threads per core) family 6 model 42 stepping 7, cmov, cx8, fxsr, mmx, sse, sse2, sse3, ssse3, sse4.1, sse4.2, popcnt, avx, clmul, ht, tsc, tscinvbit

Memory: 4k page, system-wide physical 4009M (1196M free)
TotalPageFile size 8303M (AvailPageFile size 1043M)
current process WorkingSet (physical memory assigned to process): 62M, peak: 64M
current process commit charge ("private bytes"): 149M, peak: 150M

vm_info: OpenJDK 64-Bit Server VM (11.0.1+13) for windows-amd64 JRE (11.0.1+13), built on Oct  6 2018 13:18:13 by "mach5one" with MS VC++ 15.5 (VS2017)

END.
